\BOOKMARK [0][-]{Doc-Start}{Acknowledgments}{}% 1
\BOOKMARK [0][-]{chapter*.1}{Abstract}{}% 2
\BOOKMARK [0][-]{chapter.1}{Introduction}{}% 3
\BOOKMARK [1][-]{section.1.1}{Section}{chapter.1}% 4
\BOOKMARK [0][-]{chapter.2}{Literature Review}{}% 5
\BOOKMARK [1][-]{section.2.1}{Actor Programming Model}{chapter.2}% 6
\BOOKMARK [2][-]{subsection.2.1.1}{Error Handling in Actor Model}{section.2.1}% 7
\BOOKMARK [2][-]{subsection.2.1.2}{Differences From Conventional Programming Languages}{section.2.1}% 8
\BOOKMARK [2][-]{subsection.2.1.3}{Actors for Concurrency}{section.2.1}% 9
\BOOKMARK [1][-]{section.2.2}{Erlang}{chapter.2}% 10
\BOOKMARK [1][-]{section.2.3}{Scala Actors}{chapter.2}% 11
\BOOKMARK [1][-]{section.2.4}{Akka Toolkit}{chapter.2}% 12
\BOOKMARK [2][-]{subsection.2.4.1}{Actor Model in Akka}{section.2.4}% 13
\BOOKMARK [2][-]{subsection.2.4.2}{Actor System}{section.2.4}% 14
\BOOKMARK [2][-]{subsection.2.4.3}{Message Passing}{section.2.4}% 15
\BOOKMARK [2][-]{subsection.2.4.4}{Shared Data}{section.2.4}% 16
\BOOKMARK [2][-]{subsection.2.4.5}{Actor Supervision and Monitoring}{section.2.4}% 17
\BOOKMARK [2][-]{subsection.2.4.6}{Routers}{section.2.4}% 18
\BOOKMARK [2][-]{subsection.2.4.7}{Event Bus}{section.2.4}% 19
\BOOKMARK [2][-]{subsection.2.4.8}{Remote Actors in Akka}{section.2.4}% 20
\BOOKMARK [2][-]{subsection.2.4.9}{Akka in Distributed Systems}{section.2.4}% 21
\BOOKMARK [2][-]{subsection.2.4.10}{Clustering in Akka}{section.2.4}% 22
\BOOKMARK [1][-]{section.2.5}{The Dart Language}{chapter.2}% 23
\BOOKMARK [2][-]{subsection.2.5.1}{Overview}{section.2.5}% 24
\BOOKMARK [2][-]{subsection.2.5.2}{Asynchronous Programming in Dart}{section.2.5}% 25
\BOOKMARK [2][-]{subsection.2.5.3}{Asynchronous Message Sending}{section.2.5}% 26
\BOOKMARK [2][-]{subsection.2.5.4}{Isolates}{section.2.5}% 27
\BOOKMARK [1][-]{section.2.6}{RabbitMQ - Message Broker System}{chapter.2}% 28
\BOOKMARK [1][-]{section.2.7}{STOMP}{chapter.2}% 29
\BOOKMARK [2][-]{subsection.2.7.1}{Protocol Overview}{section.2.7}% 30
\BOOKMARK [2][-]{subsection.2.7.2}{STOMP Library for Dart}{section.2.7}% 31
\BOOKMARK [1][-]{section.2.8}{WebSockets}{chapter.2}% 32
\BOOKMARK [2][-]{subsection.2.8.1}{Security}{section.2.8}% 33
\BOOKMARK [2][-]{subsection.2.8.2}{Establishing a Connection}{section.2.8}% 34
\BOOKMARK [2][-]{subsection.2.8.3}{WebSocket URIs}{section.2.8}% 35
\BOOKMARK [0][-]{chapter.3}{General Design Decisions}{}% 36
\BOOKMARK [1][-]{section.3.1}{Section}{chapter.3}% 37
\BOOKMARK [0][-]{chapter.4}{Results}{}% 38
\BOOKMARK [1][-]{section.4.1}{Section}{chapter.4}% 39
\BOOKMARK [0][-]{chapter.5}{Discussions}{}% 40
\BOOKMARK [1][-]{section.5.1}{Section}{chapter.5}% 41
\BOOKMARK [0][-]{chapter.6}{Conclusion}{}% 42
\BOOKMARK [1][-]{section.6.1}{Section}{chapter.6}% 43
\BOOKMARK [0][-]{chapter.7}{Recommendations}{}% 44
\BOOKMARK [1][-]{section.7.1}{Section}{chapter.7}% 45
\BOOKMARK [0][-]{chapter.8}{Appendices}{}% 46
\BOOKMARK [1][-]{section.8.1}{Section}{chapter.8}% 47
\BOOKMARK [0][-]{appendix*.10}{List of Figures}{}% 48
\BOOKMARK [0][-]{appendix*.11}{List of Tables}{}% 49
